2022-10-25 16:31:08,515 DEBUG [Main.lambda$run$0] Arguments: [-ioc, C:\Users\TerenceLeung\Documents\STM32_Prototyping\GENEV_GO_MOTOR\GENEV_GO\GENEV_GO.ioc, -xdm, C:\Users\TerenceLeung\Documents\STM32_Prototyping\GENEV_GO_MOTOR\GENEV_GO\GENEV_GO.wb_def]
2022-10-25 16:31:08,520 DEBUG [ArgsValue.readPropertiesFile] [AppConfig] pack.source = "C:\Program Files (x86)\STMicroelectronics\MC_SDK_5.4.5\Middlewares\ST\MotorControl" 
2022-10-25 16:31:08,520 DEBUG [ArgsValue.readPropertiesFile] [UserConfig] do not exist in "C:\Users\TerenceLeung\.st_motor_control\wb2mx.properties" 
2022-10-25 16:31:08,521 DEBUG [ArgsValue.getConfigProperties] pack.source = "../../../../Middlewares/ST/MotorControl"
2022-10-25 16:31:08,531 DEBUG [ArgsValue.lambda$retrieve$2] CLI_ARG[xdm]: C:\Users\TerenceLeung\Documents\STM32_Prototyping\GENEV_GO_MOTOR\GENEV_GO\GENEV_GO.wb_def
2022-10-25 16:31:08,531 DEBUG [ArgsValue.lambda$retrieve$2] CLI_ARG[ioc]: C:\Users\TerenceLeung\Documents\STM32_Prototyping\GENEV_GO_MOTOR\GENEV_GO\GENEV_GO.ioc
2022-10-25 16:31:08,534 DEBUG [ArgsValue.retrieve] {xdm=C:\Users\TerenceLeung\Documents\STM32_Prototyping\GENEV_GO_MOTOR\GENEV_GO\GENEV_GO.wb_def, updftl=templates/wb_ioc_mc-middleware.ftl, mx_timeout=-1, exp=templates/wb-defines_where_and_what.txt, ioc=C:\Users\TerenceLeung\Documents\STM32_Prototyping\GENEV_GO_MOTOR\GENEV_GO\GENEV_GO.ioc, pack=../../../../Middlewares/ST/MotorControl, ftl=templates/wb_ioc_template.ftl}
2022-10-25 16:31:08,603 DEBUG [Main.run] Targeted MCU family = F4
2022-10-25 16:31:08,645 DEBUG [Main.run] Minimum associated CubeMx to the `F4` targeted MCU family is `4.25.0-a0`
2022-10-25 16:31:08,666 DEBUG [WindowsCubeMxFinder.lambda$findThem$2] Found 64-bit subkey HKEY_LOCAL_MACHINE\~~~\Uninstall\STM32CubeMX
2022-10-25 16:31:08,676 DEBUG [CubeMxCtx.EXE_version] Loaded path: 'C:\Program Files\STMicroelectronics\STM32Cube\STM32CubeMX\STM32CubeMX.exe'
2022-10-25 16:31:08,676 DEBUG [CubeMxCtx.EXE_version] Loaded updater jar: 'C:\Program Files\STMicroelectronics\STM32Cube\STM32CubeMX\plugins\updater.jar'
2022-10-25 16:31:08,697 DEBUG [CubeMxCtx.EXE_version] Loaded path: 'C:\Program Files\STMicroelectronics\STM32Cube\STM32CubeMX\STM32CubeMX.exe'
2022-10-25 16:31:08,697 DEBUG [CubeMxCtx.EXE_version] Loaded updater jar: 'C:\Program Files\STMicroelectronics\STM32Cube\STM32CubeMX\plugins\updater.jar'
2022-10-25 16:31:08,718 DEBUG [CubeMxCtx.EXE_version] Loaded path: 'C:\Program Files\STMicroelectronics\STM32Cube\STM32CubeMX\STM32CubeMX.exe'
2022-10-25 16:31:08,718 DEBUG [CubeMxCtx.EXE_version] Loaded updater jar: 'C:\Program Files\STMicroelectronics\STM32Cube\STM32CubeMX\plugins\updater.jar'
2022-10-25 16:31:15,524 DEBUG [CubeMxCtx.EXE_version] Loaded path: 'C:\Program Files\STMicroelectronics\STM32Cube\STM32CubeMX\STM32CubeMX.exe'
2022-10-25 16:31:15,524 DEBUG [CubeMxCtx.EXE_version] Loaded updater jar: 'C:\Program Files\STMicroelectronics\STM32Cube\STM32CubeMX\plugins\updater.jar'
2022-10-25 16:31:15,596 DEBUG [EnvironmentChecker.checkPack] STM32CubeMX.Version: 6.6.1-RC2
2022-10-25 16:31:27,182 WARN  [Main.lambda$run$0] Aborted by the user
2022-10-25 16:31:27,203 DEBUG [Main.lambda$run$0] System exists with return code 4
